<?xml version="1.0" encoding="UTF-8"?>
<testng-results skipped="0" failed="1" ignored="0" total="17" passed="16">
  <reporter-output>
  </reporter-output>
  <suite name="Surefire suite" duration-ms="531018" started-at="2022-10-09T22:07:33 EET" finished-at="2022-10-09T22:16:24 EET">
    <groups>
      <group name="cucumber">
        <method signature="AbstractTestNGCucumberTests.runScenario(io.cucumber.testng.PickleWrapper,io.cucumber.testng.FeatureWrapper)[pri:0, instance:org.example.Runner.runners@77ec78b9]" name="runScenario" class="io.cucumber.testng.AbstractTestNGCucumberTests"/>
      </group> <!-- cucumber -->
    </groups>
    <test name="Surefire test" duration-ms="531018" started-at="2022-10-09T22:07:33 EET" finished-at="2022-10-09T22:16:24 EET">
      <class name="org.example.Runner.runners">
        <test-method status="PASS" signature="setUpClass(org.testng.ITestContext)[pri:0, instance:org.example.Runner.runners@77ec78b9]" name="setUpClass" is-config="true" duration-ms="961" started-at="2022-10-09T22:07:34 EET" finished-at="2022-10-09T22:07:34 EET">
          <params>
            <param index="0">
              <value>
                <![CDATA[org.testng.TestRunner@fcd0e8d]]>
              </value>
            </param>
          </params>
          <reporter-output>
          </reporter-output>
        </test-method> <!-- setUpClass -->
        <test-method status="PASS" signature="runScenario(io.cucumber.testng.PickleWrapper,io.cucumber.testng.FeatureWrapper)[pri:0, instance:org.example.Runner.runners@77ec78b9]" name="runScenario" duration-ms="39322" started-at="2022-10-09T22:07:34 EET" description="Runs Cucumber Scenarios" data-provider="scenarios" finished-at="2022-10-09T22:08:14 EET">
          <params>
            <param index="0">
              <value>
                <![CDATA["user could login with valid email and password"]]>
              </value>
            </param>
            <param index="1">
              <value>
                <![CDATA["F02_Login | users could use login functionality to use their accounts"]]>
              </value>
            </param>
          </params>
          <reporter-output>
          </reporter-output>
        </test-method> <!-- runScenario -->
        <test-method status="PASS" signature="runScenario(io.cucumber.testng.PickleWrapper,io.cucumber.testng.FeatureWrapper)[pri:0, instance:org.example.Runner.runners@77ec78b9]" name="runScenario" duration-ms="32340" started-at="2022-10-09T22:08:14 EET" description="Runs Cucumber Scenarios" data-provider="scenarios" finished-at="2022-10-09T22:08:46 EET">
          <params>
            <param index="0">
              <value>
                <![CDATA["user could login with invalid email and password"]]>
              </value>
            </param>
            <param index="1">
              <value>
                <![CDATA["F02_Login | users could use login functionality to use their accounts"]]>
              </value>
            </param>
          </params>
          <reporter-output>
          </reporter-output>
        </test-method> <!-- runScenario -->
        <test-method status="PASS" signature="runScenario(io.cucumber.testng.PickleWrapper,io.cucumber.testng.FeatureWrapper)[pri:0, instance:org.example.Runner.runners@77ec78b9]" name="runScenario" duration-ms="27112" started-at="2022-10-09T22:08:46 EET" description="Runs Cucumber Scenarios" data-provider="scenarios" finished-at="2022-10-09T22:09:13 EET">
          <params>
            <param index="0">
              <value>
                <![CDATA["user want to hover on element"]]>
              </value>
            </param>
            <param index="1">
              <value>
                <![CDATA["Unknown"]]>
              </value>
            </param>
          </params>
          <reporter-output>
          </reporter-output>
        </test-method> <!-- runScenario -->
        <test-method status="PASS" signature="runScenario(io.cucumber.testng.PickleWrapper,io.cucumber.testng.FeatureWrapper)[pri:0, instance:org.example.Runner.runners@77ec78b9]" name="runScenario" duration-ms="27267" started-at="2022-10-09T22:09:13 EET" description="Runs Cucumber Scenarios" data-provider="scenarios" finished-at="2022-10-09T22:09:41 EET">
          <params>
            <param index="0">
              <value>
                <![CDATA["go to website and Select Euro currency from the dropdown list on the top left of home page"]]>
              </value>
            </param>
            <param index="1">
              <value>
                <![CDATA["Unknown"]]>
              </value>
            </param>
          </params>
          <reporter-output>
          </reporter-output>
        </test-method> <!-- runScenario -->
        <test-method status="PASS" signature="runScenario(io.cucumber.testng.PickleWrapper,io.cucumber.testng.FeatureWrapper)[pri:0, instance:org.example.Runner.runners@77ec78b9]" name="runScenario" duration-ms="35986" started-at="2022-10-09T22:09:41 EET" description="Runs Cucumber Scenarios" data-provider="scenarios" finished-at="2022-10-09T22:10:17 EET">
          <params>
            <param index="0">
              <value>
                <![CDATA["user opens facebook link"]]>
              </value>
            </param>
            <param index="1">
              <value>
                <![CDATA["Unknown"]]>
              </value>
            </param>
          </params>
          <reporter-output>
          </reporter-output>
        </test-method> <!-- runScenario -->
        <test-method status="PASS" signature="runScenario(io.cucumber.testng.PickleWrapper,io.cucumber.testng.FeatureWrapper)[pri:0, instance:org.example.Runner.runners@77ec78b9]" name="runScenario" duration-ms="30187" started-at="2022-10-09T22:10:17 EET" description="Runs Cucumber Scenarios" data-provider="scenarios" finished-at="2022-10-09T22:10:47 EET">
          <params>
            <param index="0">
              <value>
                <![CDATA["user opens twitter link"]]>
              </value>
            </param>
            <param index="1">
              <value>
                <![CDATA["Unknown"]]>
              </value>
            </param>
          </params>
          <reporter-output>
          </reporter-output>
        </test-method> <!-- runScenario -->
        <test-method status="FAIL" signature="runScenario(io.cucumber.testng.PickleWrapper,io.cucumber.testng.FeatureWrapper)[pri:0, instance:org.example.Runner.runners@77ec78b9]" name="runScenario" duration-ms="27876" started-at="2022-10-09T22:10:47 EET" description="Runs Cucumber Scenarios" data-provider="scenarios" finished-at="2022-10-09T22:11:15 EET">
          <params>
            <param index="0">
              <value>
                <![CDATA["user opens rss link"]]>
              </value>
            </param>
            <param index="1">
              <value>
                <![CDATA["Unknown"]]>
              </value>
            </param>
          </params>
          <exception class="java.lang.IndexOutOfBoundsException">
            <message>
              <![CDATA[Index: 1, Size: 1]]>
            </message>
            <full-stacktrace>
              <![CDATA[java.lang.IndexOutOfBoundsException: Index: 1, Size: 1
at java.util.ArrayList.rangeCheck(ArrayList.java:659)
at java.util.ArrayList.get(ArrayList.java:435)
at org.example.SDef.follow.isOpenedInNewTab(follow.java:39)
at ✽."https://demo.nopcommerce.com/new-online-store-is-open" is opened in new tab(file:///C:/Users/Abdo/IdeaProjects/E-CommerceProject/src/main/resources/features/follow.feature:15)
]]>
            </full-stacktrace>
          </exception> <!-- java.lang.IndexOutOfBoundsException -->
          <reporter-output>
          </reporter-output>
        </test-method> <!-- runScenario -->
        <test-method status="PASS" signature="runScenario(io.cucumber.testng.PickleWrapper,io.cucumber.testng.FeatureWrapper)[pri:0, instance:org.example.Runner.runners@77ec78b9]" name="runScenario" duration-ms="35394" started-at="2022-10-09T22:11:15 EET" description="Runs Cucumber Scenarios" data-provider="scenarios" finished-at="2022-10-09T22:11:50 EET">
          <params>
            <param index="0">
              <value>
                <![CDATA["user opens youtube link"]]>
              </value>
            </param>
            <param index="1">
              <value>
                <![CDATA["Unknown"]]>
              </value>
            </param>
          </params>
          <reporter-output>
          </reporter-output>
        </test-method> <!-- runScenario -->
        <test-method status="PASS" signature="runScenario(io.cucumber.testng.PickleWrapper,io.cucumber.testng.FeatureWrapper)[pri:0, instance:org.example.Runner.runners@77ec78b9]" name="runScenario" duration-ms="32683" started-at="2022-10-09T22:11:50 EET" description="Runs Cucumber Scenarios" data-provider="scenarios" finished-at="2022-10-09T22:12:23 EET">
          <params>
            <param index="0">
              <value>
                <![CDATA["guest user could register with valid data successfully"]]>
              </value>
            </param>
            <param index="1">
              <value>
                <![CDATA["F01_Register | users could register with new accounts"]]>
              </value>
            </param>
          </params>
          <reporter-output>
          </reporter-output>
        </test-method> <!-- runScenario -->
        <test-method status="PASS" signature="runScenario(io.cucumber.testng.PickleWrapper,io.cucumber.testng.FeatureWrapper)[pri:0, instance:org.example.Runner.runners@77ec78b9]" name="runScenario" duration-ms="28986" started-at="2022-10-09T22:12:23 EET" description="Runs Cucumber Scenarios" data-provider="scenarios" finished-at="2022-10-09T22:12:52 EET">
          <params>
            <param index="0">
              <value>
                <![CDATA["user could search using product name"]]>
              </value>
            </param>
            <param index="1">
              <value>
                <![CDATA["Unknown"]]>
              </value>
            </param>
          </params>
          <reporter-output>
          </reporter-output>
        </test-method> <!-- runScenario -->
        <test-method status="PASS" signature="runScenario(io.cucumber.testng.PickleWrapper,io.cucumber.testng.FeatureWrapper)[pri:0, instance:org.example.Runner.runners@77ec78b9]" name="runScenario" duration-ms="27527" started-at="2022-10-09T22:12:52 EET" description="Runs Cucumber Scenarios" data-provider="scenarios" finished-at="2022-10-09T22:13:19 EET">
          <params>
            <param index="0">
              <value>
                <![CDATA["user could search using product name"]]>
              </value>
            </param>
            <param index="1">
              <value>
                <![CDATA["Unknown"]]>
              </value>
            </param>
          </params>
          <reporter-output>
          </reporter-output>
        </test-method> <!-- runScenario -->
        <test-method status="PASS" signature="runScenario(io.cucumber.testng.PickleWrapper,io.cucumber.testng.FeatureWrapper)[pri:0, instance:org.example.Runner.runners@77ec78b9]" name="runScenario" duration-ms="27423" started-at="2022-10-09T22:13:19 EET" description="Runs Cucumber Scenarios" data-provider="scenarios" finished-at="2022-10-09T22:13:47 EET">
          <params>
            <param index="0">
              <value>
                <![CDATA["user could search using product name"]]>
              </value>
            </param>
            <param index="1">
              <value>
                <![CDATA["Unknown"]]>
              </value>
            </param>
          </params>
          <reporter-output>
          </reporter-output>
        </test-method> <!-- runScenario -->
        <test-method status="PASS" signature="runScenario(io.cucumber.testng.PickleWrapper,io.cucumber.testng.FeatureWrapper)[pri:0, instance:org.example.Runner.runners@77ec78b9]" name="runScenario" duration-ms="30341" started-at="2022-10-09T22:13:47 EET" description="Runs Cucumber Scenarios" data-provider="scenarios" finished-at="2022-10-09T22:14:17 EET">
          <params>
            <param index="0">
              <value>
                <![CDATA["user could search for product using sku"]]>
              </value>
            </param>
            <param index="1">
              <value>
                <![CDATA["Unknown"]]>
              </value>
            </param>
          </params>
          <reporter-output>
          </reporter-output>
        </test-method> <!-- runScenario -->
        <test-method status="PASS" signature="runScenario(io.cucumber.testng.PickleWrapper,io.cucumber.testng.FeatureWrapper)[pri:0, instance:org.example.Runner.runners@77ec78b9]" name="runScenario" duration-ms="34362" started-at="2022-10-09T22:14:17 EET" description="Runs Cucumber Scenarios" data-provider="scenarios" finished-at="2022-10-09T22:14:51 EET">
          <params>
            <param index="0">
              <value>
                <![CDATA["user could search for product using sku"]]>
              </value>
            </param>
            <param index="1">
              <value>
                <![CDATA["Unknown"]]>
              </value>
            </param>
          </params>
          <reporter-output>
          </reporter-output>
        </test-method> <!-- runScenario -->
        <test-method status="PASS" signature="runScenario(io.cucumber.testng.PickleWrapper,io.cucumber.testng.FeatureWrapper)[pri:0, instance:org.example.Runner.runners@77ec78b9]" name="runScenario" duration-ms="32404" started-at="2022-10-09T22:14:51 EET" description="Runs Cucumber Scenarios" data-provider="scenarios" finished-at="2022-10-09T22:15:24 EET">
          <params>
            <param index="0">
              <value>
                <![CDATA["user could search for product using sku"]]>
              </value>
            </param>
            <param index="1">
              <value>
                <![CDATA["Unknown"]]>
              </value>
            </param>
          </params>
          <reporter-output>
          </reporter-output>
        </test-method> <!-- runScenario -->
        <test-method status="PASS" signature="runScenario(io.cucumber.testng.PickleWrapper,io.cucumber.testng.FeatureWrapper)[pri:0, instance:org.example.Runner.runners@77ec78b9]" name="runScenario" duration-ms="26816" started-at="2022-10-09T22:15:24 EET" description="Runs Cucumber Scenarios" data-provider="scenarios" finished-at="2022-10-09T22:15:51 EET">
          <params>
            <param index="0">
              <value>
                <![CDATA["user will click on wishlist icon in the third product to add it to wishlist"]]>
              </value>
            </param>
            <param index="1">
              <value>
                <![CDATA["Unknown"]]>
              </value>
            </param>
          </params>
          <reporter-output>
          </reporter-output>
        </test-method> <!-- runScenario -->
        <test-method status="PASS" signature="runScenario(io.cucumber.testng.PickleWrapper,io.cucumber.testng.FeatureWrapper)[pri:0, instance:org.example.Runner.runners@77ec78b9]" name="runScenario" duration-ms="32905" started-at="2022-10-09T22:15:51 EET" description="Runs Cucumber Scenarios" data-provider="scenarios" finished-at="2022-10-09T22:16:23 EET">
          <params>
            <param index="0">
              <value>
                <![CDATA["user will click on wishlist icon in the third product to add it to wishlist"]]>
              </value>
            </param>
            <param index="1">
              <value>
                <![CDATA["Unknown"]]>
              </value>
            </param>
          </params>
          <reporter-output>
          </reporter-output>
        </test-method> <!-- runScenario -->
        <test-method status="PASS" signature="tearDownClass()[pri:0, instance:org.example.Runner.runners@77ec78b9]" name="tearDownClass" is-config="true" duration-ms="1031" started-at="2022-10-09T22:16:23 EET" finished-at="2022-10-09T22:16:24 EET">
          <reporter-output>
          </reporter-output>
        </test-method> <!-- tearDownClass -->
      </class> <!-- org.example.Runner.runners -->
    </test> <!-- Surefire test -->
  </suite> <!-- Surefire suite -->
</testng-results>
