<?xml version="1.0" encoding="UTF-8" standalone="no"?>
<testsuite errors="0" failures="1" name="io.cucumber.core.plugin.JUnitFormatter" skipped="0" tests="17" time="529.182">
<testcase classname="F02_Login | users could use login functionality to use their accounts" name="user could login with valid email and password" time="39.083">
<system-out><![CDATA[Given user go to login page.................................................passed
When user login with "valid" "automationtest@example.com" and "P@ssw0rd"....passed
And user press on login button..............................................passed
Then user login to the system successfully..................................passed
]]></system-out>
</testcase>
<testcase classname="F02_Login | users could use login functionality to use their accounts" name="user could login with invalid email and password" time="32.287">
<system-out><![CDATA[Given user go to login page.................................................passed
When user login with "invalid" "wrong@example.com" and "P@ssw0rd"...........passed
And user press on login button..............................................passed
Then user could not login to the system.....................................passed
]]></system-out>
</testcase>
<testcase classname="Unknown" name="user want to hover on element" time="27.05">
<system-out><![CDATA[Given hover to random element...............................................passed
And user click on any category and verify text..............................passed
]]></system-out>
</testcase>
<testcase classname="Unknown" name="go to website and Select Euro currency from the dropdown list on the top left of home page" time="27.151">
<system-out><![CDATA[Given user click on currencies select.......................................passed
Then verify Euro Symbol.....................................................passed
]]></system-out>
</testcase>
<testcase classname="Unknown" name="user opens facebook link" time="35.95">
<system-out><![CDATA[Given user opens facebook link..............................................passed
Then "https://www.facebook.com/nopCommerce" is opened in new tab............passed
]]></system-out>
</testcase>
<testcase classname="Unknown" name="user opens twitter link" time="30.171">
<system-out><![CDATA[Given user opens twitter link...............................................passed
Then "https://twitter.com/nopCommerce" is opened in new tab.................passed
]]></system-out>
</testcase>
<testcase classname="Unknown" name="user opens rss link" time="27.856">
<failure message="Index: 1, Size: 1" type="java.lang.IndexOutOfBoundsException"><![CDATA[Given user opens rss link...................................................passed
Then "https://demo.nopcommerce.com/new-online-store-is-open" is opened in new tab.failed

StackTrace:
java.lang.IndexOutOfBoundsException: Index: 1, Size: 1
	at java.util.ArrayList.rangeCheck(ArrayList.java:659)
	at java.util.ArrayList.get(ArrayList.java:435)
	at org.example.SDef.follow.isOpenedInNewTab(follow.java:39)
	at âœ½."https://demo.nopcommerce.com/new-online-store-is-open" is opened in new tab(file:///C:/Users/Abdo/IdeaProjects/E-CommerceProject/src/main/resources/features/follow.feature:15)
]]></failure>
</testcase>
<testcase classname="Unknown" name="user opens youtube link" time="35.369">
<system-out><![CDATA[Given user opens youtube link...............................................passed
Then "https://www.youtube.com/user/nopCommerce" is opened in new tab........passed
]]></system-out>
</testcase>
<testcase classname="F01_Register | users could register with new accounts" name="guest user could register with valid data successfully" time="32.629">
<system-out><![CDATA[Given user go to register page..............................................passed
When user select gender type................................................passed
And user enter first name "automation" and last name "tester"...............passed
And user enter date of birth................................................passed
And user enter email "automationtest@example.com" field.....................passed
And user fills Password fields "P@ssw0rd" "P@ssw0rd"........................passed
When user clicks on register button.........................................passed
Then success message is displayed...........................................passed
]]></system-out>
</testcase>
<testcase classname="Unknown" name="user could search using product name" time="28.975">
<system-out><![CDATA[When user click on search field.............................................passed
And user search with "book".................................................passed
Then user could find  "book" relative words.................................passed
]]></system-out>
</testcase>
<testcase classname="Unknown" name="user could search using product name 2" time="27.502">
<system-out><![CDATA[When user click on search field.............................................passed
And user search with "laptop"...............................................passed
Then user could find  "laptop" relative words...............................passed
]]></system-out>
</testcase>
<testcase classname="Unknown" name="user could search using product name 3" time="27.393">
<system-out><![CDATA[When user click on search field.............................................passed
And user search with "nike".................................................passed
Then user could find  "nike" relative words.................................passed
]]></system-out>
</testcase>
<testcase classname="Unknown" name="user could search for product using sku" time="30.32">
<system-out><![CDATA[When user click on search field.............................................passed
And user search with "SCI_FAITH"............................................passed
Then user could find  "SCI_FAITH" inside product detail page................passed
]]></system-out>
</testcase>
<testcase classname="Unknown" name="user could search for product using sku 2" time="34.334">
<system-out><![CDATA[When user click on search field.............................................passed
And user search with "APPLE_CAM"............................................passed
Then user could find  "APPLE_CAM" inside product detail page................passed
]]></system-out>
</testcase>
<testcase classname="Unknown" name="user could search for product using sku 3" time="32.373">
<system-out><![CDATA[When user click on search field.............................................passed
And user search with "SF_PRO_11"............................................passed
Then user could find  "SF_PRO_11" inside product detail page................passed
]]></system-out>
</testcase>
<testcase classname="Unknown" name="user will click on wishlist icon in the third product to add it to wishlist" time="26.79">
<system-out><![CDATA[Given user click on wishlist icon...........................................passed
Then user assert that product added successfully............................passed
]]></system-out>
</testcase>
<testcase classname="Unknown" name="user will click on wishlist icon in the third product to add it to wishlist 2" time="32.876">
<system-out><![CDATA[Given user click on wishlist icon...........................................passed
When user will use explicit Wait until message disappeared..................passed
And user click on Wishlist Tab on the top of the page.......................passed
Then user should get Qty value and verify it's bigger than 0................passed
]]></system-out>
</testcase>
</testsuite>
