<?xml version="1.0" encoding="UTF-8"?>
<!-- Generated by org.testng.reporters.JUnitReportReporter -->
<testsuite skipped="0" hostname="DESKTOP-IUELBEF" name="org.example.Runner.runners" tests="17" failures="0" timestamp="2022-10-09T22:16:25 EET" time="528.931" errors="1">
  <testcase name="runScenario" time="34.362" classname="org.example.Runner.runners"/>
  <system-out/>
  <testcase name="runScenario" time="32.404" classname="org.example.Runner.runners"/>
  <system-out/>
  <testcase name="runScenario" time="27.112" classname="org.example.Runner.runners"/>
  <system-out/>
  <testcase name="runScenario" time="28.986" classname="org.example.Runner.runners"/>
  <system-out/>
  <testcase name="runScenario" time="27.527" classname="org.example.Runner.runners"/>
  <system-out/>
  <testcase name="runScenario" time="30.341" classname="org.example.Runner.runners"/>
  <system-out/>
  <testcase name="runScenario" time="27.876" classname="org.example.Runner.runners">
    <error type="java.lang.IndexOutOfBoundsException" message="Index: 1, Size: 1">
      <![CDATA[java.lang.IndexOutOfBoundsException: Index: 1, Size: 1
at java.util.ArrayList.rangeCheck(ArrayList.java:659)
at java.util.ArrayList.get(ArrayList.java:435)
at org.example.SDef.follow.isOpenedInNewTab(follow.java:39)
at ✽."https://demo.nopcommerce.com/new-online-store-is-open" is opened in new tab(file:///C:/Users/Abdo/IdeaProjects/E-CommerceProject/src/main/resources/features/follow.feature:15)
]]>
    </error>
  </testcase> <!-- runScenario -->
  <system-out/>
  <testcase name="runScenario" time="27.423" classname="org.example.Runner.runners"/>
  <system-out/>
  <testcase name="runScenario" time="26.816" classname="org.example.Runner.runners"/>
  <system-out/>
  <testcase name="runScenario" time="30.187" classname="org.example.Runner.runners"/>
  <system-out/>
  <testcase name="runScenario" time="32.683" classname="org.example.Runner.runners"/>
  <system-out/>
  <testcase name="runScenario" time="32.340" classname="org.example.Runner.runners"/>
  <system-out/>
  <testcase name="runScenario" time="35.394" classname="org.example.Runner.runners"/>
  <system-out/>
  <testcase name="runScenario" time="27.267" classname="org.example.Runner.runners"/>
  <system-out/>
  <testcase name="runScenario" time="39.322" classname="org.example.Runner.runners"/>
  <system-out/>
  <testcase name="runScenario" time="32.905" classname="org.example.Runner.runners"/>
  <system-out/>
  <testcase name="runScenario" time="35.986" classname="org.example.Runner.runners"/>
  <system-out/>
</testsuite> <!-- org.example.Runner.runners -->
